[2026-03-19 13:29:56,507: INFO: main: Welcome to our custom log]
[2026-03-19 15:16:25,668: INFO: common: yaml file: config\config.yaml loaded successfully]
[2026-03-19 15:17:12,200: INFO: common: yaml file: config\config.yaml loaded successfully]
[2026-03-19 15:17:12,206: INFO: common: yaml file: params.yaml loaded successfully]
[2026-03-19 15:17:12,209: INFO: common: created directory at: artifacts]
[2026-03-19 15:17:12,211: INFO: common: created directory at: artifacts/data_ingestion]
[2026-03-19 15:17:12,214: INFO: 986331348: Downloading data from https://drive.google.com/file/d/1vlhZ5c7abUKF8xXERIw6m9Te8fW7ohw3/view?usp=sharing into file artifacts/data_ingestion/data.zip]
[2026-03-19 15:17:20,816: INFO: 986331348: Downloaded data from https://drive.google.com/file/d/1vlhZ5c7abUKF8xXERIw6m9Te8fW7ohw3/view?usp=sharing into file artifacts/data_ingestion/data.zip]
[2026-03-19 15:44:25,461: INFO: main: >>>>>> stage Data Ingestion stage started <<<<<<]
[2026-03-19 15:44:25,464: INFO: common: yaml file: config\config.yaml loaded successfully]
[2026-03-19 15:44:25,466: INFO: common: yaml file: params.yaml loaded successfully]
[2026-03-19 15:44:25,467: INFO: common: created directory at: artifacts]
[2026-03-19 15:44:25,467: INFO: common: created directory at: artifacts/data_ingestion]
[2026-03-19 15:44:25,468: INFO: data_ingestion: Downloading data from https://drive.google.com/file/d/1vlhZ5c7abUKF8xXERIw6m9Te8fW7ohw3/view?usp=sharing into file artifacts/data_ingestion/data.zip]
[2026-03-19 15:44:32,919: INFO: data_ingestion: Downloaded data from https://drive.google.com/file/d/1vlhZ5c7abUKF8xXERIw6m9Te8fW7ohw3/view?usp=sharing into file artifacts/data_ingestion/data.zip]
[2026-03-19 15:44:33,566: INFO: main: >>>>>> stage Data Ingestion stage completed <<<<<<

x==========x]
[2026-03-19 16:08:05,281: INFO: common: yaml file: config\config.yaml loaded successfully]
[2026-03-19 16:08:05,287: INFO: common: yaml file: params.yaml loaded successfully]
[2026-03-19 16:08:05,293: INFO: common: created directory at: artifacts]
[2026-03-19 16:08:05,295: INFO: common: created directory at: artifacts/prepare_base_model]
[2026-03-19 16:08:14,088: WARNING: saving_utils: Compiled the loaded model, but the compiled metrics have yet to be built. `model.compile_metrics` will be empty until you train or evaluate the model.]
[2026-03-19 16:26:10,371: INFO: main: >>>>>> stage Data Ingestion stage started <<<<<<]
[2026-03-19 16:26:10,375: INFO: common: yaml file: config\config.yaml loaded successfully]
[2026-03-19 16:26:10,376: INFO: common: yaml file: params.yaml loaded successfully]
[2026-03-19 16:26:10,379: INFO: common: created directory at: artifacts]
[2026-03-19 16:26:10,380: INFO: common: created directory at: artifacts/data_ingestion]
[2026-03-19 16:26:10,382: INFO: data_ingestion: Downloading data from https://drive.google.com/file/d/1vlhZ5c7abUKF8xXERIw6m9Te8fW7ohw3/view?usp=sharing into file artifacts/data_ingestion/data.zip]
[2026-03-19 16:26:20,069: INFO: data_ingestion: Downloaded data from https://drive.google.com/file/d/1vlhZ5c7abUKF8xXERIw6m9Te8fW7ohw3/view?usp=sharing into file artifacts/data_ingestion/data.zip]
[2026-03-19 16:26:20,771: INFO: main: >>>>>> stage Data Ingestion stage completed <<<<<<

x==========x]
[2026-03-19 16:26:20,771: INFO: main: *******************]
[2026-03-19 16:26:20,771: INFO: main: >>>>>> stage Prepare base model started <<<<<<]
[2026-03-19 16:26:20,776: INFO: common: yaml file: config\config.yaml loaded successfully]
[2026-03-19 16:26:20,777: INFO: common: yaml file: params.yaml loaded successfully]
[2026-03-19 16:26:20,778: INFO: common: created directory at: artifacts]
[2026-03-19 16:26:20,779: INFO: common: created directory at: artifacts/prepare_base_model]
[2026-03-19 16:26:21,331: WARNING: saving_utils: Compiled the loaded model, but the compiled metrics have yet to be built. `model.compile_metrics` will be empty until you train or evaluate the model.]
[2026-03-19 16:26:21,624: INFO: main: >>>>>> stage Prepare base model completed <<<<<<

x==========x]
[2026-03-19 16:40:50,552: INFO: common: yaml file: config\config.yaml loaded successfully]
[2026-03-19 16:40:50,559: INFO: common: yaml file: params.yaml loaded successfully]
[2026-03-19 16:40:50,562: INFO: common: created directory at: artifacts]
[2026-03-19 16:40:50,564: INFO: common: created directory at: artifacts\training]
[2026-03-19 16:48:57,380: INFO: main: >>>>>> stage Data Ingestion stage started <<<<<<]
[2026-03-19 16:48:57,382: INFO: common: yaml file: config\config.yaml loaded successfully]
[2026-03-19 16:48:57,384: INFO: common: yaml file: params.yaml loaded successfully]
[2026-03-19 16:48:57,384: INFO: common: created directory at: artifacts]
[2026-03-19 16:48:57,385: INFO: common: created directory at: artifacts/data_ingestion]
[2026-03-19 16:48:57,385: INFO: data_ingestion: Downloading data from https://drive.google.com/file/d/1vlhZ5c7abUKF8xXERIw6m9Te8fW7ohw3/view?usp=sharing into file artifacts/data_ingestion/data.zip]
[2026-03-19 16:49:04,677: INFO: data_ingestion: Downloaded data from https://drive.google.com/file/d/1vlhZ5c7abUKF8xXERIw6m9Te8fW7ohw3/view?usp=sharing into file artifacts/data_ingestion/data.zip]
[2026-03-19 16:49:05,246: INFO: main: >>>>>> stage Data Ingestion stage completed <<<<<<

x==========x]
[2026-03-19 16:49:05,247: INFO: main: *******************]
[2026-03-19 16:49:05,247: INFO: main: >>>>>> stage Prepare base model started <<<<<<]
[2026-03-19 16:49:05,248: INFO: common: yaml file: config\config.yaml loaded successfully]
[2026-03-19 16:49:05,250: INFO: common: yaml file: params.yaml loaded successfully]
[2026-03-19 16:49:05,251: INFO: common: created directory at: artifacts]
[2026-03-19 16:49:05,251: INFO: common: created directory at: artifacts/prepare_base_model]
[2026-03-19 16:49:05,721: WARNING: saving_utils: Compiled the loaded model, but the compiled metrics have yet to be built. `model.compile_metrics` will be empty until you train or evaluate the model.]
[2026-03-19 16:49:06,000: INFO: main: >>>>>> stage Prepare base model completed <<<<<<

x==========x]
[2026-03-19 16:49:06,001: INFO: main: *******************]
[2026-03-19 16:49:06,001: INFO: main: >>>>>> stage Training started <<<<<<]
[2026-03-19 16:49:06,004: INFO: common: yaml file: config\config.yaml loaded successfully]
[2026-03-19 16:49:06,007: INFO: common: yaml file: params.yaml loaded successfully]
[2026-03-19 16:49:06,008: INFO: common: created directory at: artifacts]
[2026-03-19 16:49:06,010: INFO: common: created directory at: artifacts\training]
[2026-03-19 16:49:57,336: INFO: main: >>>>>> stage Training completed <<<<<<

x==========x]
